[debug] [2024-07-19T20:33:04.701Z] ----------------------------------------------------------------------
[debug] [2024-07-19T20:33:04.713Z] Command:       C:\Program Files\nodejs\node.exe C:\Users\rajit\AppData\Roaming\npm\node_modules\firebase-tools\lib\bin\firebase.js deploy --only functions
[debug] [2024-07-19T20:33:04.715Z] CLI Version:   13.13.3
[debug] [2024-07-19T20:33:04.716Z] Platform:      win32
[debug] [2024-07-19T20:33:04.717Z] Node Version:  v18.20.4
[debug] [2024-07-19T20:33:04.736Z] Time:          Sat Jul 20 2024 02:03:04 GMT+0530 (India Standard Time)
[debug] [2024-07-19T20:33:04.737Z] ----------------------------------------------------------------------
[debug] 
[debug] [2024-07-19T20:33:04.956Z] > command requires scopes: ["email","openid","https://www.googleapis.com/auth/cloudplatformprojects.readonly","https://www.googleapis.com/auth/firebase","https://www.googleapis.com/auth/cloud-platform"]
[debug] [2024-07-19T20:33:04.957Z] > authorizing via signed-in user (studymate213@gmail.com)
[debug] [2024-07-19T20:33:04.958Z] [iam] checking project askmate-coaching for permissions ["cloudfunctions.functions.create","cloudfunctions.functions.delete","cloudfunctions.functions.get","cloudfunctions.functions.list","cloudfunctions.functions.update","cloudfunctions.operations.get","firebase.projects.get"]
[debug] [2024-07-19T20:33:04.964Z] >>> [apiv2][query] POST https://cloudresourcemanager.googleapis.com/v1/projects/askmate-coaching:testIamPermissions [none]
[debug] [2024-07-19T20:33:04.964Z] >>> [apiv2][(partial)header] POST https://cloudresourcemanager.googleapis.com/v1/projects/askmate-coaching:testIamPermissions x-goog-quota-user=projects/askmate-coaching
[debug] [2024-07-19T20:33:04.965Z] >>> [apiv2][body] POST https://cloudresourcemanager.googleapis.com/v1/projects/askmate-coaching:testIamPermissions {"permissions":["cloudfunctions.functions.create","cloudfunctions.functions.delete","cloudfunctions.functions.get","cloudfunctions.functions.list","cloudfunctions.functions.update","cloudfunctions.operations.get","firebase.projects.get"]}
[debug] [2024-07-19T20:33:06.623Z] <<< [apiv2][status] POST https://cloudresourcemanager.googleapis.com/v1/projects/askmate-coaching:testIamPermissions 200
[debug] [2024-07-19T20:33:06.623Z] <<< [apiv2][body] POST https://cloudresourcemanager.googleapis.com/v1/projects/askmate-coaching:testIamPermissions {"permissions":["cloudfunctions.functions.create","cloudfunctions.functions.delete","cloudfunctions.functions.get","cloudfunctions.functions.list","cloudfunctions.functions.update","cloudfunctions.operations.get","firebase.projects.get"]}
[debug] [2024-07-19T20:33:06.624Z] >>> [apiv2][query] POST https://iam.googleapis.com/v1/projects/askmate-coaching/serviceAccounts/askmate-coaching@appspot.gserviceaccount.com:testIamPermissions [none]
[debug] [2024-07-19T20:33:06.624Z] >>> [apiv2][body] POST https://iam.googleapis.com/v1/projects/askmate-coaching/serviceAccounts/askmate-coaching@appspot.gserviceaccount.com:testIamPermissions {"permissions":["iam.serviceAccounts.actAs"]}
[debug] [2024-07-19T20:33:08.650Z] <<< [apiv2][status] POST https://iam.googleapis.com/v1/projects/askmate-coaching/serviceAccounts/askmate-coaching@appspot.gserviceaccount.com:testIamPermissions 200
[debug] [2024-07-19T20:33:08.651Z] <<< [apiv2][body] POST https://iam.googleapis.com/v1/projects/askmate-coaching/serviceAccounts/askmate-coaching@appspot.gserviceaccount.com:testIamPermissions {"permissions":["iam.serviceAccounts.actAs"]}
[info] 
[info] === Deploying to 'askmate-coaching'...
[info] 
[info] i  deploying functions 
[info] Running command: npm --prefix "%RESOURCE_DIR%" run lint
[info] +  functions: Finished running predeploy script. 
[info] Running command: npm --prefix "$RESOURCE_DIR" run lint
